Using pre-set license
Built from '2022.3/staging' branch; Version is '2022.3.11f1 (d00248457e15) revision 13632072'; Using compiler version '192829333'; Build Type 'Release'
OS: 'Windows 11  (10.0.22631) 64bit Core' Language: 'en' Physical Memory: 16292 MB
BatchMode: 1, IsHumanControllingUs: 0, StartBugReporterOnCrash: 0, Is64bit: 1, IsPro: 1

COMMAND LINE ARGUMENTS:
C:\Program Files\Unity\Hub\Editor\2022.3.11f1\Editor\Unity.exe
-adb2
-batchMode
-noUpm
-name
AssetImportWorker0
-projectPath
D:/Unity/Projects/FPSunity/FpsUnityGame
-logFile
Logs/AssetImportWorker0.log
-srvPort
62611
Successfully changed project path to: D:/Unity/Projects/FPSunity/FpsUnityGame
D:/Unity/Projects/FPSunity/FpsUnityGame
[UnityMemory] Configuration Parameters - Can be set up in boot.config
    "memorysetup-bucket-allocator-granularity=16"
    "memorysetup-bucket-allocator-bucket-count=8"
    "memorysetup-bucket-allocator-block-size=33554432"
    "memorysetup-bucket-allocator-block-count=8"
    "memorysetup-main-allocator-block-size=16777216"
    "memorysetup-thread-allocator-block-size=16777216"
    "memorysetup-gfx-main-allocator-block-size=16777216"
    "memorysetup-gfx-thread-allocator-block-size=16777216"
    "memorysetup-cache-allocator-block-size=4194304"
    "memorysetup-typetree-allocator-block-size=2097152"
    "memorysetup-profiler-bucket-allocator-granularity=16"
    "memorysetup-profiler-bucket-allocator-bucket-count=8"
    "memorysetup-profiler-bucket-allocator-block-size=33554432"
    "memorysetup-profiler-bucket-allocator-block-count=8"
    "memorysetup-profiler-allocator-block-size=16777216"
    "memorysetup-profiler-editor-allocator-block-size=1048576"
    "memorysetup-temp-allocator-size-main=16777216"
    "memorysetup-job-temp-allocator-block-size=2097152"
    "memorysetup-job-temp-allocator-block-size-background=1048576"
    "memorysetup-job-temp-allocator-reduction-small-platforms=262144"
    "memorysetup-allocator-temp-initial-block-size-main=262144"
    "memorysetup-allocator-temp-initial-block-size-worker=262144"
    "memorysetup-temp-allocator-size-background-worker=32768"
    "memorysetup-temp-allocator-size-job-worker=262144"
    "memorysetup-temp-allocator-size-preload-manager=33554432"
    "memorysetup-temp-allocator-size-nav-mesh-worker=65536"
    "memorysetup-temp-allocator-size-audio-worker=65536"
    "memorysetup-temp-allocator-size-cloud-worker=32768"
    "memorysetup-temp-allocator-size-gi-baking-worker=262144"
    "memorysetup-temp-allocator-size-gfx=262144"
Player connection [12320] Host "[IP] 192.168.56.1 [Port] 0 [Flags] 2 [Guid] 3870349295 [EditorId] 3870349295 [Version] 1048832 [Id] WindowsEditor(7,DESKTOP-I4SC32L) [Debug] 1 [PackageName] WindowsEditor [ProjectName] Editor" joined multi-casting on [225.0.0.222:54997]...

Player connection [12320] Host "[IP] 192.168.56.1 [Port] 0 [Flags] 2 [Guid] 3870349295 [EditorId] 3870349295 [Version] 1048832 [Id] WindowsEditor(7,DESKTOP-I4SC32L) [Debug] 1 [PackageName] WindowsEditor [ProjectName] Editor" joined alternative multi-casting on [225.0.0.222:34997]...

[Physics::Module] Initialized MultithreadedJobDispatcher with 15 workers.
Refreshing native plugins compatible for Editor in 5.60 ms, found 3 plugins.
Preloading 0 native plugins for Editor in 0.00 ms.
Initialize engine version: 2022.3.11f1 (d00248457e15)
[Subsystems] Discovering subsystems at path C:/Program Files/Unity/Hub/Editor/2022.3.11f1/Editor/Data/Resources/UnitySubsystems
[Subsystems] Discovering subsystems at path D:/Unity/Projects/FPSunity/FpsUnityGame/Assets
GfxDevice: creating device client; threaded=0; jobified=0
Direct3D:
    Version:  Direct3D 11.0 [level 11.1]
    Renderer: NVIDIA GeForce RTX 2060 SUPER (ID=0x1f06)
    Vendor:   NVIDIA
    VRAM:     8019 MB
    Driver:   31.0.15.3699
Initialize mono
Mono path[0] = 'C:/Program Files/Unity/Hub/Editor/2022.3.11f1/Editor/Data/Managed'
Mono path[1] = 'C:/Program Files/Unity/Hub/Editor/2022.3.11f1/Editor/Data/MonoBleedingEdge/lib/mono/unityjit-win32'
Mono config path = 'C:/Program Files/Unity/Hub/Editor/2022.3.11f1/Editor/Data/MonoBleedingEdge/etc'
Using monoOptions --debugger-agent=transport=dt_socket,embedding=1,server=y,suspend=n,address=127.0.0.1:56964
Begin MonoManager ReloadAssembly
Registering precompiled unity dll's ...
Register platform support module: C:/Program Files/Unity/Hub/Editor/2022.3.11f1/Editor/Data/PlaybackEngines/WebGLSupport/UnityEditor.WebGL.Extensions.dll
Register platform support module: C:/Program Files/Unity/Hub/Editor/2022.3.11f1/Editor/Data/PlaybackEngines/AndroidPlayer/UnityEditor.Android.Extensions.dll
Register platform support module: C:/Program Files/Unity/Hub/Editor/2022.3.11f1/Editor/Data/PlaybackEngines/WindowsStandaloneSupport/UnityEditor.WindowsStandalone.Extensions.dll
Registered in 0.009597 seconds.
- Loaded All Assemblies, in  0.432 seconds
Native extension for WindowsStandalone target not found
Native extension for Android target not found
Android Extension - Scanning For ADB Devices 272 ms
Native extension for WebGL target not found
Mono: successfully reloaded assembly
- Finished resetting the current domain, in  0.643 seconds
Domain Reload Profiling: 1073ms
	BeginReloadAssembly (127ms)
		ExecutionOrderSort (0ms)
		DisableScriptedObjects (0ms)
		BackupInstance (0ms)
		ReleaseScriptingObjects (0ms)
		CreateAndSetChildDomain (1ms)
	RebuildCommonClasses (38ms)
	RebuildNativeTypeToScriptingClass (13ms)
	initialDomainReloadingComplete (66ms)
	LoadAllAssembliesAndSetupDomain (186ms)
		LoadAssemblies (126ms)
		RebuildTransferFunctionScriptingTraits (0ms)
		AnalyzeDomain (183ms)
			TypeCache.Refresh (181ms)
				TypeCache.ScanAssembly (161ms)
			ScanForSourceGeneratedMonoScriptInfo (0ms)
			ResolveRequiredComponents (1ms)
	FinalizeReload (643ms)
		ReleaseScriptCaches (0ms)
		RebuildScriptCaches (0ms)
		SetupLoadedEditorAssemblies (575ms)
			LogAssemblyErrors (0ms)
			InitializePlatformSupportModulesInManaged (409ms)
			SetLoadedEditorAssemblies (4ms)
			RefreshPlugins (0ms)
			BeforeProcessingInitializeOnLoad (2ms)
			ProcessInitializeOnLoadAttributes (109ms)
			ProcessInitializeOnLoadMethodAttributes (51ms)
			AfterProcessingInitializeOnLoad (0ms)
			EditorAssembliesLoaded (0ms)
		ExecutionOrderSort2 (0ms)
		AwakeInstancesAfterBackupRestoration (0ms)
========================================================================
Worker process is ready to serve import requests
Begin MonoManager ReloadAssembly
Symbol file data-000001E8F58D3690 doesn't match image D:\Unity\Projects\FPSunity\FpsUnityGame\Library\ScriptAssemblies\Assembly-CSharp.dll
Symbol file LoadedFromMemory is not a mono symbol file
Symbol file data-000001E8D3729A80 doesn't match image D:\Unity\Projects\FPSunity\FpsUnityGame\Library\ScriptAssemblies\Assembly-CSharp-Editor.dll
Symbol file LoadedFromMemory is not a mono symbol file
Symbol file data-000001E8D2C67C90 doesn't match image D:\Unity\Projects\FPSunity\FpsUnityGame\Library\ScriptAssemblies\Unity.TestTools.CodeCoverage.Editor.dll
Symbol file LoadedFromMemory is not a mono symbol file
- Loaded All Assemblies, in  0.749 seconds
Refreshing native plugins compatible for Editor in 2.68 ms, found 3 plugins.
Native extension for WindowsStandalone target not found
Native extension for Android target not found
Native extension for WebGL target not found
Package Manager log level set to [2]
[Package Manager] Server::EnsureServerProcessIsRunning -- launch failed, reason: Unity was launched with the -noUpm command-line argument
[Package Manager] UpmClient::Send -- Unable to send message (not connected to UPM process).
[Package Manager] Cannot connect to Unity Package Manager local server
Mono: successfully reloaded assembly
- Finished resetting the current domain, in  0.863 seconds
Domain Reload Profiling: 1610ms
	BeginReloadAssembly (164ms)
		ExecutionOrderSort (0ms)
		DisableScriptedObjects (6ms)
		BackupInstance (0ms)
		ReleaseScriptingObjects (0ms)
		CreateAndSetChildDomain (23ms)
	RebuildCommonClasses (37ms)
	RebuildNativeTypeToScriptingClass (12ms)
	initialDomainReloadingComplete (43ms)
	LoadAllAssembliesAndSetupDomain (491ms)
		LoadAssemblies (351ms)
		RebuildTransferFunctionScriptingTraits (0ms)
		AnalyzeDomain (239ms)
			TypeCache.Refresh (209ms)
				TypeCache.ScanAssembly (189ms)
			ScanForSourceGeneratedMonoScriptInfo (21ms)
			ResolveRequiredComponents (7ms)
	FinalizeReload (863ms)
		ReleaseScriptCaches (0ms)
		RebuildScriptCaches (0ms)
		SetupLoadedEditorAssemblies (659ms)
			LogAssemblyErrors (0ms)
			InitializePlatformSupportModulesInManaged (30ms)
			SetLoadedEditorAssemblies (4ms)
			RefreshPlugins (0ms)
			BeforeProcessingInitializeOnLoad (119ms)
			ProcessInitializeOnLoadAttributes (477ms)
			ProcessInitializeOnLoadMethodAttributes (22ms)
			AfterProcessingInitializeOnLoad (6ms)
			EditorAssembliesLoaded (0ms)
		ExecutionOrderSort2 (0ms)
		AwakeInstancesAfterBackupRestoration (7ms)
Launched and connected shader compiler UnityShaderCompiler.exe after 0.04 seconds
Refreshing native plugins compatible for Editor in 2.20 ms, found 3 plugins.
Preloading 0 native plugins for Editor in 0.00 ms.
Unloading 3761 Unused Serialized files (Serialized files now loaded: 0)
Unloading 55 unused Assets / (131.2 KB). Loaded Objects now: 4241.
Memory consumption went from 156.6 MB to 156.5 MB.
Total: 3.587400 ms (FindLiveObjects: 0.286700 ms CreateObjectMapping: 0.310700 ms MarkObjects: 2.857200 ms  DeleteObjects: 0.131900 ms)

AssetImportParameters requested are different than current active one (requested -> active):
  custom:container-demuxer-ogg: 62fdf1f143b41e24485cea50d1cbac27 -> 
  custom:video-decoder-ogg-theora: a1e56fd34408186e4bbccfd4996cb3dc -> 
  custom:framework-win-MediaFoundation: 216162199b28c13a410421893ffa2e32 -> 
  custom:CustomObjectIndexerAttribute: 756ad292c208cfabdd7b50bc23989ffe -> 
  custom:container-demuxer-webm: 4f35f7cbe854078d1ac9338744f61a02 -> 
  custom:container-muxer-webm: aa71ff27fc2769a1b78a27578f13a17b -> 
  custom:video-decoder-webm-vp8: 9c59270c3fd7afecdb556c50c9e8de78 -> 
  custom:SearchIndexIgnoredProperties: e643bd26f0fe6173181afceb89e7c659 -> 
  custom:AudioImporter_EditorPlatform: d09bf68614088b80899f8185d706f6e7 -> 
  custom:video-encoder-webm-vp8: eb34c28f22e8b96e1ab97ce403110664 -> 
  custom:audio-decoder-ogg-vorbis: bf7c407c2cedff20999df2af8eb42d56 -> 
  custom:audio-encoder-webm-vorbis: bf7c407c2cedff20999df2af8eb42d56 -> 
========================================================================
Received Import Request.
  Time since last request: 15937.055108 seconds.
  path: Assets/NickPrefab.prefab
  artifactKey: Guid(2a3eb79fbef9745408136c0c95a4f87c) Importer(815301076,1909f56bfc062723c751e8b465ee728b)
Start importing Assets/NickPrefab.prefab using Guid(2a3eb79fbef9745408136c0c95a4f87c) Importer(815301076,1909f56bfc062723c751e8b465ee728b)  -> (artifact id: '15b1fd15503bf9cc16143bfed48cc774') in 0.331000 seconds
Number of updated asset objects reloaded before import = 0
Number of asset objects unloaded after import = 852
========================================================================
Received Import Request.
  Time since last request: 3.728327 seconds.
  path: Assets/Scripts-Alex
  artifactKey: Guid(35ce961ff926f7c46bbbfe3c395b9e6b) Importer(815301076,1909f56bfc062723c751e8b465ee728b)
Start importing Assets/Scripts-Alex using Guid(35ce961ff926f7c46bbbfe3c395b9e6b) Importer(815301076,1909f56bfc062723c751e8b465ee728b)  -> (artifact id: '739c69a79fcc4178d89a0955caf483c4') in 0.000716 seconds
Number of updated asset objects reloaded before import = 0
Number of asset objects unloaded after import = 0
========================================================================
Received Import Request.
  Time since last request: 2.138458 seconds.
  path: Assets/Scripts-Alex/System Scripts
  artifactKey: Guid(85928bfab7d908c4c985dca3b545454b) Importer(815301076,1909f56bfc062723c751e8b465ee728b)
Start importing Assets/Scripts-Alex/System Scripts using Guid(85928bfab7d908c4c985dca3b545454b) Importer(815301076,1909f56bfc062723c751e8b465ee728b)  -> (artifact id: '06a193619d355d638d94f7bafb3f2d1c') in 0.000361 seconds
Number of updated asset objects reloaded before import = 0
Number of asset objects unloaded after import = 0
========================================================================
Received Import Request.
  Time since last request: 25.167786 seconds.
  path: Assets/Items/Goggles.asset
  artifactKey: Guid(057f1f5292cf342429b50f22fece3288) Importer(815301076,1909f56bfc062723c751e8b465ee728b)
Start importing Assets/Items/Goggles.asset using Guid(057f1f5292cf342429b50f22fece3288) Importer(815301076,1909f56bfc062723c751e8b465ee728b)  -> (artifact id: 'd3578c0dfb5a1d95cf4614ff461c2448') in 0.001353 seconds
Number of updated asset objects reloaded before import = 0
Number of asset objects unloaded after import = 2
========================================================================
Received Import Request.
  Time since last request: 0.001677 seconds.
  path: Assets/Items/Vest.asset
  artifactKey: Guid(f885f0acfc14daf4585cb638b7fe8f2d) Importer(815301076,1909f56bfc062723c751e8b465ee728b)
Start importing Assets/Items/Vest.asset using Guid(f885f0acfc14daf4585cb638b7fe8f2d) Importer(815301076,1909f56bfc062723c751e8b465ee728b)  -> (artifact id: '9afab6481cb891b927a4bfec53aebd6b') in 0.001188 seconds
Number of updated asset objects reloaded before import = 0
Number of asset objects unloaded after import = 2
========================================================================
Received Prepare
Begin MonoManager ReloadAssembly
Symbol file data-000001E721428040 doesn't match image D:\Unity\Projects\FPSunity\FpsUnityGame\Library\ScriptAssemblies\Unity.TestTools.CodeCoverage.Editor.dll
Symbol file LoadedFromMemory is not a mono symbol file
- Loaded All Assemblies, in  0.551 seconds
Refreshing native plugins compatible for Editor in 2.64 ms, found 3 plugins.
Native extension for WindowsStandalone target not found
Native extension for Android target not found
Native extension for WebGL target not found
[Package Manager] Server::EnsureServerProcessIsRunning -- launch failed, reason: Unity was launched with the -noUpm command-line argument
[Package Manager] UpmClient::Send -- Unable to send message (not connected to UPM process).
[Package Manager] Cannot connect to Unity Package Manager local server
Mono: successfully reloaded assembly
- Finished resetting the current domain, in  0.963 seconds
Domain Reload Profiling: 1512ms
	BeginReloadAssembly (201ms)
		ExecutionOrderSort (0ms)
		DisableScriptedObjects (6ms)
		BackupInstance (0ms)
		ReleaseScriptingObjects (0ms)
		CreateAndSetChildDomain (51ms)
	RebuildCommonClasses (40ms)
	RebuildNativeTypeToScriptingClass (13ms)
	initialDomainReloadingComplete (28ms)
	LoadAllAssembliesAndSetupDomain (268ms)
		LoadAssemblies (346ms)
		RebuildTransferFunctionScriptingTraits (0ms)
		AnalyzeDomain (29ms)
			TypeCache.Refresh (9ms)
				TypeCache.ScanAssembly (1ms)
			ScanForSourceGeneratedMonoScriptInfo (12ms)
			ResolveRequiredComponents (7ms)
	FinalizeReload (963ms)
		ReleaseScriptCaches (0ms)
		RebuildScriptCaches (0ms)
		SetupLoadedEditorAssemblies (498ms)
			LogAssemblyErrors (0ms)
			InitializePlatformSupportModulesInManaged (25ms)
			SetLoadedEditorAssemblies (5ms)
			RefreshPlugins (0ms)
			BeforeProcessingInitializeOnLoad (98ms)
			ProcessInitializeOnLoadAttributes (348ms)
			ProcessInitializeOnLoadMethodAttributes (17ms)
			AfterProcessingInitializeOnLoad (5ms)
			EditorAssembliesLoaded (0ms)
		ExecutionOrderSort2 (0ms)
		AwakeInstancesAfterBackupRestoration (4ms)
Refreshing native plugins compatible for Editor in 2.49 ms, found 3 plugins.
Preloading 0 native plugins for Editor in 0.00 ms.
Unloading 3738 Unused Serialized files (Serialized files now loaded: 0)
Unloading 29 unused Assets / (103.0 KB). Loaded Objects now: 4269.
Memory consumption went from 154.7 MB to 154.6 MB.
Total: 2.843500 ms (FindLiveObjects: 0.272100 ms CreateObjectMapping: 0.275100 ms MarkObjects: 2.225400 ms  DeleteObjects: 0.070000 ms)

Prepare: number of updated asset objects reloaded= 0
AssetImportParameters requested are different than current active one (requested -> active):
  custom:container-demuxer-ogg: 62fdf1f143b41e24485cea50d1cbac27 -> 
  custom:video-decoder-ogg-theora: a1e56fd34408186e4bbccfd4996cb3dc -> 
  custom:framework-win-MediaFoundation: 216162199b28c13a410421893ffa2e32 -> 
  custom:CustomObjectIndexerAttribute: 756ad292c208cfabdd7b50bc23989ffe -> 
  custom:container-demuxer-webm: 4f35f7cbe854078d1ac9338744f61a02 -> 
  custom:container-muxer-webm: aa71ff27fc2769a1b78a27578f13a17b -> 
  custom:video-decoder-webm-vp8: 9c59270c3fd7afecdb556c50c9e8de78 -> 
  custom:SearchIndexIgnoredProperties: e643bd26f0fe6173181afceb89e7c659 -> 
  custom:AudioImporter_EditorPlatform: d09bf68614088b80899f8185d706f6e7 -> 
  custom:video-encoder-webm-vp8: eb34c28f22e8b96e1ab97ce403110664 -> 
  custom:audio-decoder-ogg-vorbis: bf7c407c2cedff20999df2af8eb42d56 -> 
  custom:audio-encoder-webm-vorbis: bf7c407c2cedff20999df2af8eb42d56 -> 
========================================================================
Received Import Request.
  Time since last request: 53.639038 seconds.
  path: Assets/ScriptsNick/Player/PlayerController.cs
  artifactKey: Guid(33fcad7067ec5ac47a911f3f2cc73409) Importer(815301076,1909f56bfc062723c751e8b465ee728b)
Start importing Assets/ScriptsNick/Player/PlayerController.cs using Guid(33fcad7067ec5ac47a911f3f2cc73409) Importer(815301076,1909f56bfc062723c751e8b465ee728b)  -> (artifact id: 'a35777a3606351fb02f21353eec1a945') in 0.002888 seconds
Number of updated asset objects reloaded before import = 0
Number of asset objects unloaded after import = 0
========================================================================
Received Import Request.
  Time since last request: 5.836032 seconds.
  path: Assets/ScriptsNick/Player/PlayerStats.cs
  artifactKey: Guid(8582d9b43b3cbbf4287f15d2b74d6b15) Importer(815301076,1909f56bfc062723c751e8b465ee728b)
Start importing Assets/ScriptsNick/Player/PlayerStats.cs using Guid(8582d9b43b3cbbf4287f15d2b74d6b15) Importer(815301076,1909f56bfc062723c751e8b465ee728b)  -> (artifact id: 'eddd36a1777fee009253a9d5e5f5536a') in 0.000356 seconds
Number of updated asset objects reloaded before import = 0
Number of asset objects unloaded after import = 0
========================================================================
Received Import Request.
  Time since last request: 41.339479 seconds.
  path: Assets/ScriptsNick/Player/PlayerControllerNick.cs
  artifactKey: Guid(33fcad7067ec5ac47a911f3f2cc73409) Importer(815301076,1909f56bfc062723c751e8b465ee728b)
Start importing Assets/ScriptsNick/Player/PlayerControllerNick.cs using Guid(33fcad7067ec5ac47a911f3f2cc73409) Importer(815301076,1909f56bfc062723c751e8b465ee728b)  -> (artifact id: 'ae6284f30ee8ba2cf5056ed765fff64a') in 0.000413 seconds
Number of updated asset objects reloaded before import = 0
Number of asset objects unloaded after import = 0
========================================================================
Received Import Request.
  Time since last request: 34.999108 seconds.
  path: Assets/ScriptsNick/Enemy Scripts/EnemyStats.cs
  artifactKey: Guid(36db526c8c3cfdd4fa1be4e7e568f415) Importer(815301076,1909f56bfc062723c751e8b465ee728b)
Start importing Assets/ScriptsNick/Enemy Scripts/EnemyStats.cs using Guid(36db526c8c3cfdd4fa1be4e7e568f415) Importer(815301076,1909f56bfc062723c751e8b465ee728b)  -> (artifact id: '9839b51631f788cd2a3b4de74121e155') in 0.000370 seconds
Number of updated asset objects reloaded before import = 0
Number of asset objects unloaded after import = 0
========================================================================
Received Import Request.
  Time since last request: 3.534987 seconds.
  path: Assets/ScriptsNick/Enemy Scripts/EnemyController.cs
  artifactKey: Guid(a54f7e5d4ccbac54593a8eb06f98f80f) Importer(815301076,1909f56bfc062723c751e8b465ee728b)
Start importing Assets/ScriptsNick/Enemy Scripts/EnemyController.cs using Guid(a54f7e5d4ccbac54593a8eb06f98f80f) Importer(815301076,1909f56bfc062723c751e8b465ee728b)  -> (artifact id: '3324883039a83b57238e72f7a7a1d2f9') in 0.000459 seconds
Number of updated asset objects reloaded before import = 0
Number of asset objects unloaded after import = 0
========================================================================
Received Import Request.
  Time since last request: 7.716225 seconds.
  path: Assets/ScriptsNick/Enemy Scripts/Enemy.cs
  artifactKey: Guid(6f88d4175e34e3a4f8cdbcaafaad1714) Importer(815301076,1909f56bfc062723c751e8b465ee728b)
Start importing Assets/ScriptsNick/Enemy Scripts/Enemy.cs using Guid(6f88d4175e34e3a4f8cdbcaafaad1714) Importer(815301076,1909f56bfc062723c751e8b465ee728b)  -> (artifact id: '1942f43f0a2e09d5ab0492b85e3fd103') in 0.000658 seconds
Number of updated asset objects reloaded before import = 0
Number of asset objects unloaded after import = 0
========================================================================
Received Prepare
Begin MonoManager ReloadAssembly
Symbol file data-000001E8F549D010 doesn't match image D:\Unity\Projects\FPSunity\FpsUnityGame\Library\ScriptAssemblies\Unity.TestTools.CodeCoverage.Editor.dll
Symbol file LoadedFromMemory is not a mono symbol file
- Loaded All Assemblies, in  0.566 seconds
Refreshing native plugins compatible for Editor in 2.81 ms, found 3 plugins.
Native extension for WindowsStandalone target not found
Native extension for Android target not found
Native extension for WebGL target not found
[Package Manager] Server::EnsureServerProcessIsRunning -- launch failed, reason: Unity was launched with the -noUpm command-line argument
[Package Manager] UpmClient::Send -- Unable to send message (not connected to UPM process).
[Package Manager] Cannot connect to Unity Package Manager local server
Mono: successfully reloaded assembly
- Finished resetting the current domain, in  1.124 seconds
Domain Reload Profiling: 1689ms
	BeginReloadAssembly (172ms)
		ExecutionOrderSort (0ms)
		DisableScriptedObjects (6ms)
		BackupInstance (0ms)
		ReleaseScriptingObjects (0ms)
		CreateAndSetChildDomain (43ms)
	RebuildCommonClasses (37ms)
	RebuildNativeTypeToScriptingClass (15ms)
	initialDomainReloadingComplete (37ms)
	LoadAllAssembliesAndSetupDomain (303ms)
		LoadAssemblies (350ms)
		RebuildTransferFunctionScriptingTraits (0ms)
		AnalyzeDomain (44ms)
			TypeCache.Refresh (12ms)
				TypeCache.ScanAssembly (1ms)
			ScanForSourceGeneratedMonoScriptInfo (19ms)
			ResolveRequiredComponents (11ms)
	FinalizeReload (1125ms)
		ReleaseScriptCaches (0ms)
		RebuildScriptCaches (0ms)
		SetupLoadedEditorAssemblies (609ms)
			LogAssemblyErrors (0ms)
			InitializePlatformSupportModulesInManaged (30ms)
			SetLoadedEditorAssemblies (5ms)
			RefreshPlugins (0ms)
			BeforeProcessingInitializeOnLoad (109ms)
			ProcessInitializeOnLoadAttributes (437ms)
			ProcessInitializeOnLoadMethodAttributes (20ms)
			AfterProcessingInitializeOnLoad (7ms)
			EditorAssembliesLoaded (1ms)
		ExecutionOrderSort2 (0ms)
		AwakeInstancesAfterBackupRestoration (6ms)
Refreshing native plugins compatible for Editor in 2.29 ms, found 3 plugins.
Preloading 0 native plugins for Editor in 0.00 ms.
Unloading 3735 Unused Serialized files (Serialized files now loaded: 0)
Unloading 30 unused Assets / (103.7 KB). Loaded Objects now: 4281.
Memory consumption went from 156.5 MB to 156.4 MB.
Total: 3.524700 ms (FindLiveObjects: 0.318200 ms CreateObjectMapping: 0.330500 ms MarkObjects: 2.798900 ms  DeleteObjects: 0.076200 ms)

Prepare: number of updated asset objects reloaded= 0
AssetImportParameters requested are different than current active one (requested -> active):
  custom:container-demuxer-ogg: 62fdf1f143b41e24485cea50d1cbac27 -> 
  custom:video-decoder-ogg-theora: a1e56fd34408186e4bbccfd4996cb3dc -> 
  custom:framework-win-MediaFoundation: 216162199b28c13a410421893ffa2e32 -> 
  custom:CustomObjectIndexerAttribute: 756ad292c208cfabdd7b50bc23989ffe -> 
  custom:container-demuxer-webm: 4f35f7cbe854078d1ac9338744f61a02 -> 
  custom:container-muxer-webm: aa71ff27fc2769a1b78a27578f13a17b -> 
  custom:video-decoder-webm-vp8: 9c59270c3fd7afecdb556c50c9e8de78 -> 
  custom:SearchIndexIgnoredProperties: e643bd26f0fe6173181afceb89e7c659 -> 
  custom:AudioImporter_EditorPlatform: d09bf68614088b80899f8185d706f6e7 -> 
  custom:video-encoder-webm-vp8: eb34c28f22e8b96e1ab97ce403110664 -> 
  custom:audio-decoder-ogg-vorbis: bf7c407c2cedff20999df2af8eb42d56 -> 
  custom:audio-encoder-webm-vorbis: bf7c407c2cedff20999df2af8eb42d56 -> 
========================================================================
Received Import Request.
  Time since last request: 173.404651 seconds.
  path: Assets/ScriptsNick/Player Scripts/PlayerControllerNick.cs
  artifactKey: Guid(33fcad7067ec5ac47a911f3f2cc73409) Importer(815301076,1909f56bfc062723c751e8b465ee728b)
Start importing Assets/ScriptsNick/Player Scripts/PlayerControllerNick.cs using Guid(33fcad7067ec5ac47a911f3f2cc73409) Importer(815301076,1909f56bfc062723c751e8b465ee728b)  -> (artifact id: '00c8719e0f2c61f192556bc98a4326aa') in 0.003640 seconds
Number of updated asset objects reloaded before import = 0
Number of asset objects unloaded after import = 0
========================================================================
Received Import Request.
  Time since last request: 156.082642 seconds.
  path: Assets/Items/Test Item.prefab
  artifactKey: Guid(12d66ad3cb5e9114a9f01b2dc62df501) Importer(815301076,1909f56bfc062723c751e8b465ee728b)
Start importing Assets/Items/Test Item.prefab using Guid(12d66ad3cb5e9114a9f01b2dc62df501) Importer(815301076,1909f56bfc062723c751e8b465ee728b)  -> (artifact id: '7cbe5c9e35ee50393845065c91281c0c') in 0.096298 seconds
Number of updated asset objects reloaded before import = 0
Number of asset objects unloaded after import = 10
========================================================================
Received Import Request.
  Time since last request: 0.000017 seconds.
  path: Assets/Items/Test Item (2).prefab
  artifactKey: Guid(e82797e0e93946648bb0f15035c3c59b) Importer(815301076,1909f56bfc062723c751e8b465ee728b)
Start importing Assets/Items/Test Item (2).prefab using Guid(e82797e0e93946648bb0f15035c3c59b) Importer(815301076,1909f56bfc062723c751e8b465ee728b)  -> (artifact id: '1eadfa30226e9f869c4ede50ffdbb746') in 0.011340 seconds
Number of updated asset objects reloaded before import = 0
Number of asset objects unloaded after import = 9
========================================================================
Received Import Request.
  Time since last request: 13.779760 seconds.
  path: Assets/NickPrefab.prefab
  artifactKey: Guid(2a3eb79fbef9745408136c0c95a4f87c) Importer(815301076,1909f56bfc062723c751e8b465ee728b)
Start importing Assets/NickPrefab.prefab using Guid(2a3eb79fbef9745408136c0c95a4f87c) Importer(815301076,1909f56bfc062723c751e8b465ee728b)  -> (artifact id: '80d7b6dbb35ba73cb365f49877c07fbb') in 0.267781 seconds
Number of updated asset objects reloaded before import = 0
Number of asset objects unloaded after import = 852
========================================================================
Received Import Request.
  Time since last request: 55.007253 seconds.
  path: Assets/Scenes/FirstLevel.unity
  artifactKey: Guid(9fc0d4010bbf28b4594072e72b8655ab) Importer(815301076,1909f56bfc062723c751e8b465ee728b)
Start importing Assets/Scenes/FirstLevel.unity using Guid(9fc0d4010bbf28b4594072e72b8655ab) Importer(815301076,1909f56bfc062723c751e8b465ee728b)  -> (artifact id: '62998d1f3145c3f2df022f1270688ae4') in 0.000519 seconds
Number of updated asset objects reloaded before import = 0
Number of asset objects unloaded after import = 0
========================================================================
Received Import Request.
  Time since last request: 81.728026 seconds.
  path: Assets/ScriptsNick/Enemy Scripts/EnemyController.cs
  artifactKey: Guid(a54f7e5d4ccbac54593a8eb06f98f80f) Importer(815301076,1909f56bfc062723c751e8b465ee728b)
Start importing Assets/ScriptsNick/Enemy Scripts/EnemyController.cs using Guid(a54f7e5d4ccbac54593a8eb06f98f80f) Importer(815301076,1909f56bfc062723c751e8b465ee728b)  -> (artifact id: '42eb5a59cdf4861975bc04b314d7d98d') in 0.000375 seconds
Number of updated asset objects reloaded before import = 0
Number of asset objects unloaded after import = 0
========================================================================
Received Import Request.
  Time since last request: 284.616104 seconds.
  path: Assets/NickPrefab.prefab
  artifactKey: Guid(2a3eb79fbef9745408136c0c95a4f87c) Importer(815301076,1909f56bfc062723c751e8b465ee728b)
Start importing Assets/NickPrefab.prefab using Guid(2a3eb79fbef9745408136c0c95a4f87c) Importer(815301076,1909f56bfc062723c751e8b465ee728b)  -> (artifact id: '678d8619c0441489339406cd66270ffa') in 0.227589 seconds
Number of updated asset objects reloaded before import = 0
Number of asset objects unloaded after import = 839
