Using pre-set license
Built from '2022.3/staging' branch; Version is '2022.3.11f1 (d00248457e15) revision 13632072'; Using compiler version '192829333'; Build Type 'Release'
OS: 'Windows 11  (10.0.22631) 64bit Core' Language: 'en' Physical Memory: 16292 MB
BatchMode: 1, IsHumanControllingUs: 0, StartBugReporterOnCrash: 0, Is64bit: 1, IsPro: 1

COMMAND LINE ARGUMENTS:
C:\Program Files\Unity\Hub\Editor\2022.3.11f1\Editor\Unity.exe
-adb2
-batchMode
-noUpm
-name
AssetImportWorker4
-projectPath
D:/Unity/Projects/FPSunity/FpsUnityGame
-logFile
Logs/AssetImportWorker4.log
-srvPort
57871
Successfully changed project path to: D:/Unity/Projects/FPSunity/FpsUnityGame
D:/Unity/Projects/FPSunity/FpsUnityGame
[UnityMemory] Configuration Parameters - Can be set up in boot.config
    "memorysetup-bucket-allocator-granularity=16"
    "memorysetup-bucket-allocator-bucket-count=8"
    "memorysetup-bucket-allocator-block-size=33554432"
    "memorysetup-bucket-allocator-block-count=8"
    "memorysetup-main-allocator-block-size=16777216"
    "memorysetup-thread-allocator-block-size=16777216"
    "memorysetup-gfx-main-allocator-block-size=16777216"
    "memorysetup-gfx-thread-allocator-block-size=16777216"
    "memorysetup-cache-allocator-block-size=4194304"
    "memorysetup-typetree-allocator-block-size=2097152"
    "memorysetup-profiler-bucket-allocator-granularity=16"
    "memorysetup-profiler-bucket-allocator-bucket-count=8"
    "memorysetup-profiler-bucket-allocator-block-size=33554432"
    "memorysetup-profiler-bucket-allocator-block-count=8"
    "memorysetup-profiler-allocator-block-size=16777216"
    "memorysetup-profiler-editor-allocator-block-size=1048576"
    "memorysetup-temp-allocator-size-main=16777216"
    "memorysetup-job-temp-allocator-block-size=2097152"
    "memorysetup-job-temp-allocator-block-size-background=1048576"
    "memorysetup-job-temp-allocator-reduction-small-platforms=262144"
    "memorysetup-allocator-temp-initial-block-size-main=262144"
    "memorysetup-allocator-temp-initial-block-size-worker=262144"
    "memorysetup-temp-allocator-size-background-worker=32768"
    "memorysetup-temp-allocator-size-job-worker=262144"
    "memorysetup-temp-allocator-size-preload-manager=33554432"
    "memorysetup-temp-allocator-size-nav-mesh-worker=65536"
    "memorysetup-temp-allocator-size-audio-worker=65536"
    "memorysetup-temp-allocator-size-cloud-worker=32768"
    "memorysetup-temp-allocator-size-gi-baking-worker=262144"
    "memorysetup-temp-allocator-size-gfx=262144"
Player connection [27628] Host "[IP] 192.168.56.1 [Port] 0 [Flags] 2 [Guid] 2012889674 [EditorId] 2012889674 [Version] 1048832 [Id] WindowsEditor(7,DESKTOP-I4SC32L) [Debug] 1 [PackageName] WindowsEditor [ProjectName] Editor" joined multi-casting on [225.0.0.222:54997]...

Player connection [27628] Host "[IP] 192.168.56.1 [Port] 0 [Flags] 2 [Guid] 2012889674 [EditorId] 2012889674 [Version] 1048832 [Id] WindowsEditor(7,DESKTOP-I4SC32L) [Debug] 1 [PackageName] WindowsEditor [ProjectName] Editor" joined alternative multi-casting on [225.0.0.222:34997]...

[Physics::Module] Initialized MultithreadedJobDispatcher with 15 workers.
Refreshing native plugins compatible for Editor in 6.80 ms, found 3 plugins.
Preloading 0 native plugins for Editor in 0.00 ms.
Initialize engine version: 2022.3.11f1 (d00248457e15)
[Subsystems] Discovering subsystems at path C:/Program Files/Unity/Hub/Editor/2022.3.11f1/Editor/Data/Resources/UnitySubsystems
[Subsystems] Discovering subsystems at path D:/Unity/Projects/FPSunity/FpsUnityGame/Assets
GfxDevice: creating device client; threaded=0; jobified=0
Direct3D:
    Version:  Direct3D 11.0 [level 11.1]
    Renderer: NVIDIA GeForce RTX 2060 SUPER (ID=0x1f06)
    Vendor:   NVIDIA
    VRAM:     8019 MB
    Driver:   31.0.15.3699
Initialize mono
Mono path[0] = 'C:/Program Files/Unity/Hub/Editor/2022.3.11f1/Editor/Data/Managed'
Mono path[1] = 'C:/Program Files/Unity/Hub/Editor/2022.3.11f1/Editor/Data/MonoBleedingEdge/lib/mono/unityjit-win32'
Mono config path = 'C:/Program Files/Unity/Hub/Editor/2022.3.11f1/Editor/Data/MonoBleedingEdge/etc'
Using monoOptions --debugger-agent=transport=dt_socket,embedding=1,server=y,suspend=n,address=127.0.0.1:56932
Begin MonoManager ReloadAssembly
Registering precompiled unity dll's ...
Register platform support module: C:/Program Files/Unity/Hub/Editor/2022.3.11f1/Editor/Data/PlaybackEngines/WebGLSupport/UnityEditor.WebGL.Extensions.dll
Register platform support module: C:/Program Files/Unity/Hub/Editor/2022.3.11f1/Editor/Data/PlaybackEngines/AndroidPlayer/UnityEditor.Android.Extensions.dll
Register platform support module: C:/Program Files/Unity/Hub/Editor/2022.3.11f1/Editor/Data/PlaybackEngines/WindowsStandaloneSupport/UnityEditor.WindowsStandalone.Extensions.dll
Registered in 0.008769 seconds.
- Loaded All Assemblies, in  0.337 seconds
Native extension for WindowsStandalone target not found
Native extension for Android target not found
Android Extension - Scanning For ADB Devices 307 ms
Native extension for WebGL target not found
Mono: successfully reloaded assembly
- Finished resetting the current domain, in  0.601 seconds
Domain Reload Profiling: 937ms
	BeginReloadAssembly (106ms)
		ExecutionOrderSort (0ms)
		DisableScriptedObjects (0ms)
		BackupInstance (0ms)
		ReleaseScriptingObjects (0ms)
		CreateAndSetChildDomain (1ms)
	RebuildCommonClasses (34ms)
	RebuildNativeTypeToScriptingClass (12ms)
	initialDomainReloadingComplete (58ms)
	LoadAllAssembliesAndSetupDomain (126ms)
		LoadAssemblies (104ms)
		RebuildTransferFunctionScriptingTraits (0ms)
		AnalyzeDomain (124ms)
			TypeCache.Refresh (123ms)
				TypeCache.ScanAssembly (111ms)
			ScanForSourceGeneratedMonoScriptInfo (0ms)
			ResolveRequiredComponents (0ms)
	FinalizeReload (601ms)
		ReleaseScriptCaches (0ms)
		RebuildScriptCaches (0ms)
		SetupLoadedEditorAssemblies (547ms)
			LogAssemblyErrors (0ms)
			InitializePlatformSupportModulesInManaged (413ms)
			SetLoadedEditorAssemblies (4ms)
			RefreshPlugins (0ms)
			BeforeProcessingInitializeOnLoad (2ms)
			ProcessInitializeOnLoadAttributes (89ms)
			ProcessInitializeOnLoadMethodAttributes (39ms)
			AfterProcessingInitializeOnLoad (0ms)
			EditorAssembliesLoaded (0ms)
		ExecutionOrderSort2 (0ms)
		AwakeInstancesAfterBackupRestoration (0ms)
========================================================================
Worker process is ready to serve import requests
Begin MonoManager ReloadAssembly
- Loaded All Assemblies, in  0.673 seconds
Refreshing native plugins compatible for Editor in 2.79 ms, found 3 plugins.
Native extension for WindowsStandalone target not found
Native extension for Android target not found
Native extension for WebGL target not found
[MODES] ModeService[none].Initialize
[MODES] ModeService[none].LoadModes
[MODES] Loading mode Default (0) for mode-current-id-FpsUnityGame
Package Manager log level set to [2]
[Package Manager] Server::EnsureServerProcessIsRunning -- launch failed, reason: Unity was launched with the -noUpm command-line argument
[Package Manager] UpmClient::Send -- Unable to send message (not connected to UPM process).
[Package Manager] Cannot connect to Unity Package Manager local server
Mono: successfully reloaded assembly
- Finished resetting the current domain, in  0.752 seconds
Domain Reload Profiling: 1424ms
	BeginReloadAssembly (154ms)
		ExecutionOrderSort (0ms)
		DisableScriptedObjects (5ms)
		BackupInstance (0ms)
		ReleaseScriptingObjects (0ms)
		CreateAndSetChildDomain (22ms)
	RebuildCommonClasses (34ms)
	RebuildNativeTypeToScriptingClass (11ms)
	initialDomainReloadingComplete (40ms)
	LoadAllAssembliesAndSetupDomain (432ms)
		LoadAssemblies (333ms)
		RebuildTransferFunctionScriptingTraits (0ms)
		AnalyzeDomain (193ms)
			TypeCache.Refresh (169ms)
				TypeCache.ScanAssembly (154ms)
			ScanForSourceGeneratedMonoScriptInfo (17ms)
			ResolveRequiredComponents (6ms)
	FinalizeReload (753ms)
		ReleaseScriptCaches (0ms)
		RebuildScriptCaches (0ms)
		SetupLoadedEditorAssemblies (591ms)
			LogAssemblyErrors (0ms)
			InitializePlatformSupportModulesInManaged (23ms)
			SetLoadedEditorAssemblies (5ms)
			RefreshPlugins (0ms)
			BeforeProcessingInitializeOnLoad (102ms)
			ProcessInitializeOnLoadAttributes (436ms)
			ProcessInitializeOnLoadMethodAttributes (17ms)
			AfterProcessingInitializeOnLoad (6ms)
			EditorAssembliesLoaded (0ms)
		ExecutionOrderSort2 (0ms)
		AwakeInstancesAfterBackupRestoration (6ms)
Launched and connected shader compiler UnityShaderCompiler.exe after 0.04 seconds
Refreshing native plugins compatible for Editor in 2.65 ms, found 3 plugins.
Preloading 0 native plugins for Editor in 0.00 ms.
Unloading 4183 Unused Serialized files (Serialized files now loaded: 0)
Unloading 68 unused Assets / (133.4 KB). Loaded Objects now: 4659.
Memory consumption went from 165.8 MB to 165.7 MB.
Total: 3.669700 ms (FindLiveObjects: 0.384400 ms CreateObjectMapping: 0.359700 ms MarkObjects: 2.754600 ms  DeleteObjects: 0.169800 ms)

AssetImportParameters requested are different than current active one (requested -> active):
  custom:container-demuxer-ogg: 62fdf1f143b41e24485cea50d1cbac27 -> 
  custom:video-decoder-ogg-theora: a1e56fd34408186e4bbccfd4996cb3dc -> 
  custom:framework-win-MediaFoundation: 216162199b28c13a410421893ffa2e32 -> 
  custom:CustomObjectIndexerAttribute: 756ad292c208cfabdd7b50bc23989ffe -> 
  custom:container-demuxer-webm: 4f35f7cbe854078d1ac9338744f61a02 -> 
  custom:container-muxer-webm: aa71ff27fc2769a1b78a27578f13a17b -> 
  custom:video-decoder-webm-vp8: 9c59270c3fd7afecdb556c50c9e8de78 -> 
  custom:SearchIndexIgnoredProperties: e643bd26f0fe6173181afceb89e7c659 -> 
  custom:AudioImporter_EditorPlatform: d09bf68614088b80899f8185d706f6e7 -> 
  custom:video-encoder-webm-vp8: eb34c28f22e8b96e1ab97ce403110664 -> 
  custom:audio-decoder-ogg-vorbis: bf7c407c2cedff20999df2af8eb42d56 -> 
  custom:audio-encoder-webm-vorbis: bf7c407c2cedff20999df2af8eb42d56 -> 
========================================================================
Received Import Request.
  Time since last request: 25208.453859 seconds.
  path: Assets/Sprites/Rune_Sword/Rune_Sword.fbx
  artifactKey: Guid(792758e3414328245a06a8f3a37bb554) Importer(815301076,1909f56bfc062723c751e8b465ee728b)
Start importing Assets/Sprites/Rune_Sword/Rune_Sword.fbx using Guid(792758e3414328245a06a8f3a37bb554) Importer(815301076,1909f56bfc062723c751e8b465ee728b)  -> (artifact id: 'cf2e5d5cbaefc4e9fc3ac1879706953d') in 0.119493 seconds
Number of updated asset objects reloaded before import = 0
Number of asset objects unloaded after import = 8
========================================================================
Received Import Request.
  Time since last request: 82.540412 seconds.
  path: Assets/NickPrefab.prefab
  artifactKey: Guid(2a3eb79fbef9745408136c0c95a4f87c) Importer(815301076,1909f56bfc062723c751e8b465ee728b)
Start importing Assets/NickPrefab.prefab using Guid(2a3eb79fbef9745408136c0c95a4f87c) Importer(815301076,1909f56bfc062723c751e8b465ee728b)  -> (artifact id: '649ce97d47f296365d8ed74b8802428e') in 1.307589 seconds
Number of updated asset objects reloaded before import = 0
Number of asset objects unloaded after import = 857
========================================================================
Received Import Request.
  Time since last request: 3.084277 seconds.
  path: Assets/Sprites/Rune_Sword/Materials
  artifactKey: Guid(c049e85ace919b9448588a919ff8ed81) Importer(815301076,1909f56bfc062723c751e8b465ee728b)
Start importing Assets/Sprites/Rune_Sword/Materials using Guid(c049e85ace919b9448588a919ff8ed81) Importer(815301076,1909f56bfc062723c751e8b465ee728b)  -> (artifact id: '896f98b98bb8b8c428fbaa8cf582353e') in 0.000668 seconds
Number of updated asset objects reloaded before import = 0
Number of asset objects unloaded after import = 0
========================================================================
Received Import Request.
  Time since last request: 0.050470 seconds.
  path: Assets/Sprites/Rune_Sword/Materials/Rune_Sword.mat
  artifactKey: Guid(ee393f1721712d94a9224275067ac2ac) Importer(815301076,1909f56bfc062723c751e8b465ee728b)
Start importing Assets/Sprites/Rune_Sword/Materials/Rune_Sword.mat using Guid(ee393f1721712d94a9224275067ac2ac) Importer(815301076,1909f56bfc062723c751e8b465ee728b)  -> (artifact id: '3a02747ceb9870fc763fe1065e3ff0fa') in 0.025341 seconds
Number of updated asset objects reloaded before import = 0
Number of asset objects unloaded after import = 1
========================================================================
Received Import Request.
  Time since last request: 141.237525 seconds.
  path: Assets/Sprites/Rune_Sword/Rune_Sword.fbx
  artifactKey: Guid(792758e3414328245a06a8f3a37bb554) Importer(815301076,1909f56bfc062723c751e8b465ee728b)
Start importing Assets/Sprites/Rune_Sword/Rune_Sword.fbx using Guid(792758e3414328245a06a8f3a37bb554) Importer(815301076,1909f56bfc062723c751e8b465ee728b)  -> (artifact id: 'b1a43adac02f23342b18d078e74c816c') in 0.010763 seconds
Number of updated asset objects reloaded before import = 0
Number of asset objects unloaded after import = 10
========================================================================
Received Import Request.
  Time since last request: 30.723553 seconds.
  path: Assets/Sprites/Rune_Hammer/Textures
  artifactKey: Guid(b61c7458c7c251940a5e45016fc1d8bb) Importer(815301076,1909f56bfc062723c751e8b465ee728b)
Start importing Assets/Sprites/Rune_Hammer/Textures using Guid(b61c7458c7c251940a5e45016fc1d8bb) Importer(815301076,1909f56bfc062723c751e8b465ee728b)  -> (artifact id: 'ff064439a5eee6c13e65139fc7a80dfd') in 0.000802 seconds
Number of updated asset objects reloaded before import = 0
Number of asset objects unloaded after import = 0
========================================================================
Received Import Request.
  Time since last request: 0.071655 seconds.
  path: Assets/Sprites/Rune_Hammer/Textures/Rune_Hammer_Albedo.png
  artifactKey: Guid(df63b0f535a8eb446a22afb58e739c42) Importer(815301076,1909f56bfc062723c751e8b465ee728b)
Start importing Assets/Sprites/Rune_Hammer/Textures/Rune_Hammer_Albedo.png using Guid(df63b0f535a8eb446a22afb58e739c42) Importer(815301076,1909f56bfc062723c751e8b465ee728b)  -> (artifact id: '0738456926fdd145d47171178f68bd8d') in 0.032971 seconds
Number of updated asset objects reloaded before import = 0
Number of asset objects unloaded after import = 2
========================================================================
Received Import Request.
  Time since last request: 0.000032 seconds.
  path: Assets/Sprites/Rune_Hammer/Textures/Rune_Hammer_Metallic.png
  artifactKey: Guid(7a1ab52b77a08344f824a48c58b8d9dd) Importer(815301076,1909f56bfc062723c751e8b465ee728b)
Start importing Assets/Sprites/Rune_Hammer/Textures/Rune_Hammer_Metallic.png using Guid(7a1ab52b77a08344f824a48c58b8d9dd) Importer(815301076,1909f56bfc062723c751e8b465ee728b)  -> (artifact id: '19a27871349909e42ba02f0c055edf62') in 0.024533 seconds
Number of updated asset objects reloaded before import = 0
Number of asset objects unloaded after import = 2
========================================================================
Received Import Request.
  Time since last request: 39.890120 seconds.
  path: Assets/Modern Weapons/M4 Carbine/Materials/M4_Carbine.mat
  artifactKey: Guid(bcfb2b969dcb613498b4bb959cfb99e8) Importer(815301076,1909f56bfc062723c751e8b465ee728b)
Start importing Assets/Modern Weapons/M4 Carbine/Materials/M4_Carbine.mat using Guid(bcfb2b969dcb613498b4bb959cfb99e8) Importer(815301076,1909f56bfc062723c751e8b465ee728b)  -> (artifact id: 'b5c7905d707e7ce1675b638de47f5cd7') in 0.251032 seconds
Number of updated asset objects reloaded before import = 0
Number of asset objects unloaded after import = 4
========================================================================
Received Import Request.
  Time since last request: 1.091430 seconds.
  path: Assets/TextMesh Pro/Resources/Fonts & Materials/LiberationSans SDF - Outline.mat
  artifactKey: Guid(79459efec17a4d00a321bdcc27bbc385) Importer(815301076,1909f56bfc062723c751e8b465ee728b)
Start importing Assets/TextMesh Pro/Resources/Fonts & Materials/LiberationSans SDF - Outline.mat using Guid(79459efec17a4d00a321bdcc27bbc385) Importer(815301076,1909f56bfc062723c751e8b465ee728b)  -> (artifact id: '52e2de6978ebeeda5ef859dbef4ef3fc') in 0.062784 seconds
Number of updated asset objects reloaded before import = 0
Number of asset objects unloaded after import = 2
========================================================================
Received Import Request.
  Time since last request: 13.030916 seconds.
  path: Assets/Modern Weapons/L96 Sniper Rifle/Materials/L96_Sniper_Rifle.mat
  artifactKey: Guid(ac814363a1d80b442844a152aaae96a3) Importer(815301076,1909f56bfc062723c751e8b465ee728b)
Start importing Assets/Modern Weapons/L96 Sniper Rifle/Materials/L96_Sniper_Rifle.mat using Guid(ac814363a1d80b442844a152aaae96a3) Importer(815301076,1909f56bfc062723c751e8b465ee728b)  -> (artifact id: '78dd3df83b216bd641c58287d713a9dd') in 0.221872 seconds
Number of updated asset objects reloaded before import = 0
Number of asset objects unloaded after import = 4
========================================================================
Received Import Request.
  Time since last request: 29.770537 seconds.
  path: Assets/Modern Weapons/Pistol/Textures/Pistol_Albedo.png
  artifactKey: Guid(da20eaf0b2a20964c899453bff2bd310) Importer(815301076,1909f56bfc062723c751e8b465ee728b)
Start importing Assets/Modern Weapons/Pistol/Textures/Pistol_Albedo.png using Guid(da20eaf0b2a20964c899453bff2bd310) Importer(815301076,1909f56bfc062723c751e8b465ee728b)  -> (artifact id: '87f4bdda073d6568a950b9af7c857cee') in 0.022743 seconds
Number of updated asset objects reloaded before import = 0
Number of asset objects unloaded after import = 2
========================================================================
Received Import Request.
  Time since last request: 5.858720 seconds.
  path: Assets/Modern Weapons/Pistol/Textures
  artifactKey: Guid(3cd759a93799fd9479c23cc0b735a908) Importer(815301076,1909f56bfc062723c751e8b465ee728b)
Start importing Assets/Modern Weapons/Pistol/Textures using Guid(3cd759a93799fd9479c23cc0b735a908) Importer(815301076,1909f56bfc062723c751e8b465ee728b)  -> (artifact id: '6f0ba082d6117c9953c14b986dbe8ce7') in 0.000960 seconds
Number of updated asset objects reloaded before import = 0
Number of asset objects unloaded after import = 0
========================================================================
Received Import Request.
  Time since last request: 0.444805 seconds.
  path: Assets/Modern Weapons/Pistol/Materials
  artifactKey: Guid(a365925d2b8fac84e997cf840ad2d556) Importer(815301076,1909f56bfc062723c751e8b465ee728b)
Start importing Assets/Modern Weapons/Pistol/Materials using Guid(a365925d2b8fac84e997cf840ad2d556) Importer(815301076,1909f56bfc062723c751e8b465ee728b)  -> (artifact id: '76c0b2cc7d2ee7ec69aaf1a58bcd12c7') in 0.000677 seconds
Number of updated asset objects reloaded before import = 0
Number of asset objects unloaded after import = 0
========================================================================
Received Import Request.
  Time since last request: 36.653899 seconds.
  path: Assets/Sprites/Rune_Sword/Rune_Sword.mesh
  artifactKey: Guid(b0966394b7f812d4b85eab86fba03fdb) Importer(815301076,1909f56bfc062723c751e8b465ee728b)
Start importing Assets/Sprites/Rune_Sword/Rune_Sword.mesh using Guid(b0966394b7f812d4b85eab86fba03fdb) Importer(815301076,1909f56bfc062723c751e8b465ee728b)  -> (artifact id: '12fa609a29bd07b2807f27f43f6c6b34') in 0.013840 seconds
Number of updated asset objects reloaded before import = 0
Number of asset objects unloaded after import = 2
========================================================================
Received Import Request.
  Time since last request: 146.745271 seconds.
  path: Assets/Rune Weapons Pack/Rune Weapons Tier 1/Rune_Hammer/Rune_Hammer.fbx
  artifactKey: Guid(a06995c9cb5ab0c4fa6e10c937fe62fb) Importer(815301076,1909f56bfc062723c751e8b465ee728b)
Start importing Assets/Rune Weapons Pack/Rune Weapons Tier 1/Rune_Hammer/Rune_Hammer.fbx using Guid(a06995c9cb5ab0c4fa6e10c937fe62fb) Importer(815301076,1909f56bfc062723c751e8b465ee728b)  -> (artifact id: '4a40fb354e33b174f68a322047fb3f68') in 0.024768 seconds
Number of updated asset objects reloaded before import = 0
Number of asset objects unloaded after import = 13
========================================================================
Received Import Request.
  Time since last request: 22.922898 seconds.
  path: Assets/Rune Weapons Pack/Rune Weapons Tier 1
  artifactKey: Guid(d9aadaa243c0ecf4e9207005c8d26eb8) Importer(815301076,1909f56bfc062723c751e8b465ee728b)
Start importing Assets/Rune Weapons Pack/Rune Weapons Tier 1 using Guid(d9aadaa243c0ecf4e9207005c8d26eb8) Importer(815301076,1909f56bfc062723c751e8b465ee728b)  -> (artifact id: 'a1364c2446d991f498b9be28ca46fb24') in 0.000964 seconds
Number of updated asset objects reloaded before import = 0
Number of asset objects unloaded after import = 0
========================================================================
Received Import Request.
  Time since last request: 1.036470 seconds.
  path: Assets/Rune Weapons Pack/Rune Weapons Tier 1/Rune_Hammer
  artifactKey: Guid(de11255ad185c3b449d67da40efc2634) Importer(815301076,1909f56bfc062723c751e8b465ee728b)
Start importing Assets/Rune Weapons Pack/Rune Weapons Tier 1/Rune_Hammer using Guid(de11255ad185c3b449d67da40efc2634) Importer(815301076,1909f56bfc062723c751e8b465ee728b)  -> (artifact id: '1465362a026ced47c2e3024ef8bb2b13') in 0.000390 seconds
Number of updated asset objects reloaded before import = 0
Number of asset objects unloaded after import = 0
========================================================================
Received Import Request.
  Time since last request: 457.693696 seconds.
  path: Assets/ScriptsNick/Player Scripts
  artifactKey: Guid(6f5674a9b8713034a941cf208de491ec) Importer(815301076,1909f56bfc062723c751e8b465ee728b)
Start importing Assets/ScriptsNick/Player Scripts using Guid(6f5674a9b8713034a941cf208de491ec) Importer(815301076,1909f56bfc062723c751e8b465ee728b)  -> (artifact id: '7a3a21ccb6224fea08c1823310ce71c3') in 0.000970 seconds
Number of updated asset objects reloaded before import = 0
Number of asset objects unloaded after import = 0
========================================================================
Received Import Request.
  Time since last request: 16.203058 seconds.
  path: Assets/ScriptsNick/System Scripts/Items/InventoryUI.cs
  artifactKey: Guid(de22c356a4c662a458c7b2e4bbe48a03) Importer(815301076,1909f56bfc062723c751e8b465ee728b)
Start importing Assets/ScriptsNick/System Scripts/Items/InventoryUI.cs using Guid(de22c356a4c662a458c7b2e4bbe48a03) Importer(815301076,1909f56bfc062723c751e8b465ee728b)  -> (artifact id: '666835544d4a1dafd6c61a07e78fd796') in 0.000441 seconds
Number of updated asset objects reloaded before import = 0
Number of asset objects unloaded after import = 0
========================================================================
Received Import Request.
  Time since last request: 17.075319 seconds.
  path: Assets/ScriptsNick/System Scripts/Items/Item.cs
  artifactKey: Guid(d84fc2c3548b065489caf4da3c7b5ecd) Importer(815301076,1909f56bfc062723c751e8b465ee728b)
Start importing Assets/ScriptsNick/System Scripts/Items/Item.cs using Guid(d84fc2c3548b065489caf4da3c7b5ecd) Importer(815301076,1909f56bfc062723c751e8b465ee728b)  -> (artifact id: 'c0afc6370359738319f6c96fec91a37f') in 0.000544 seconds
Number of updated asset objects reloaded before import = 0
Number of asset objects unloaded after import = 0
========================================================================
Received Prepare
Begin MonoManager ReloadAssembly
- Loaded All Assemblies, in  0.561 seconds
Refreshing native plugins compatible for Editor in 3.16 ms, found 3 plugins.
Native extension for WindowsStandalone target not found
Native extension for Android target not found
Native extension for WebGL target not found
[MODES] ModeService[none].Initialize
[MODES] ModeService[none].LoadModes
[MODES] Loading mode Default (0) for mode-current-id-FpsUnityGame
[Package Manager] Server::EnsureServerProcessIsRunning -- launch failed, reason: Unity was launched with the -noUpm command-line argument
[Package Manager] UpmClient::Send -- Unable to send message (not connected to UPM process).
[Package Manager] Cannot connect to Unity Package Manager local server
Mono: successfully reloaded assembly
- Finished resetting the current domain, in  1.121 seconds
Domain Reload Profiling: 1680ms
	BeginReloadAssembly (170ms)
		ExecutionOrderSort (0ms)
		DisableScriptedObjects (5ms)
		BackupInstance (0ms)
		ReleaseScriptingObjects (0ms)
		CreateAndSetChildDomain (47ms)
	RebuildCommonClasses (31ms)
	RebuildNativeTypeToScriptingClass (11ms)
	initialDomainReloadingComplete (33ms)
	LoadAllAssembliesAndSetupDomain (314ms)
		LoadAssemblies (366ms)
		RebuildTransferFunctionScriptingTraits (0ms)
		AnalyzeDomain (34ms)
			TypeCache.Refresh (11ms)
				TypeCache.ScanAssembly (1ms)
			ScanForSourceGeneratedMonoScriptInfo (13ms)
			ResolveRequiredComponents (8ms)
	FinalizeReload (1122ms)
		ReleaseScriptCaches (0ms)
		RebuildScriptCaches (0ms)
		SetupLoadedEditorAssemblies (617ms)
			LogAssemblyErrors (0ms)
			InitializePlatformSupportModulesInManaged (29ms)
			SetLoadedEditorAssemblies (4ms)
			RefreshPlugins (0ms)
			BeforeProcessingInitializeOnLoad (113ms)
			ProcessInitializeOnLoadAttributes (442ms)
			ProcessInitializeOnLoadMethodAttributes (21ms)
			AfterProcessingInitializeOnLoad (7ms)
			EditorAssembliesLoaded (0ms)
		ExecutionOrderSort2 (0ms)
		AwakeInstancesAfterBackupRestoration (6ms)
Refreshing native plugins compatible for Editor in 2.73 ms, found 3 plugins.
Preloading 0 native plugins for Editor in 0.00 ms.
Unloading 4158 Unused Serialized files (Serialized files now loaded: 0)
Unloading 35 unused Assets / (105.4 KB). Loaded Objects now: 4725.
Memory consumption went from 164.0 MB to 163.9 MB.
Total: 3.969500 ms (FindLiveObjects: 0.361100 ms CreateObjectMapping: 0.313200 ms MarkObjects: 3.195100 ms  DeleteObjects: 0.099200 ms)

Prepare: number of updated asset objects reloaded= 0
AssetImportParameters requested are different than current active one (requested -> active):
  custom:container-demuxer-ogg: 62fdf1f143b41e24485cea50d1cbac27 -> 
  custom:video-decoder-ogg-theora: a1e56fd34408186e4bbccfd4996cb3dc -> 
  custom:framework-win-MediaFoundation: 216162199b28c13a410421893ffa2e32 -> 
  custom:CustomObjectIndexerAttribute: 756ad292c208cfabdd7b50bc23989ffe -> 
  custom:container-demuxer-webm: 4f35f7cbe854078d1ac9338744f61a02 -> 
  custom:container-muxer-webm: aa71ff27fc2769a1b78a27578f13a17b -> 
  custom:video-decoder-webm-vp8: 9c59270c3fd7afecdb556c50c9e8de78 -> 
  custom:SearchIndexIgnoredProperties: e643bd26f0fe6173181afceb89e7c659 -> 
  custom:AudioImporter_EditorPlatform: d09bf68614088b80899f8185d706f6e7 -> 
  custom:video-encoder-webm-vp8: eb34c28f22e8b96e1ab97ce403110664 -> 
  custom:audio-decoder-ogg-vorbis: bf7c407c2cedff20999df2af8eb42d56 -> 
  custom:audio-encoder-webm-vorbis: bf7c407c2cedff20999df2af8eb42d56 -> 
========================================================================
Received Import Request.
  Time since last request: 141.986936 seconds.
  path: Assets/Scenes/FirstLevel.unity
  artifactKey: Guid(9fc0d4010bbf28b4594072e72b8655ab) Importer(815301076,1909f56bfc062723c751e8b465ee728b)
Start importing Assets/Scenes/FirstLevel.unity using Guid(9fc0d4010bbf28b4594072e72b8655ab) Importer(815301076,1909f56bfc062723c751e8b465ee728b)  -> (artifact id: 'b705bef3c392e14f6cdcfe4bdecc3126') in 0.004722 seconds
Number of updated asset objects reloaded before import = 0
Number of asset objects unloaded after import = 0
========================================================================
Received Import Request.
  Time since last request: 26.535063 seconds.
  path: Assets/Items
  artifactKey: Guid(30d476c206855d6448d44a3bf6adec08) Importer(815301076,1909f56bfc062723c751e8b465ee728b)
Start importing Assets/Items using Guid(30d476c206855d6448d44a3bf6adec08) Importer(815301076,1909f56bfc062723c751e8b465ee728b)  -> (artifact id: 'f6d9f5207c3785ad8dcdbdb20fbbdd86') in 0.000491 seconds
Number of updated asset objects reloaded before import = 0
Number of asset objects unloaded after import = 0
========================================================================
Received Import Request.
  Time since last request: 11.337556 seconds.
  path: Assets/Items/Rune Sword.asset
  artifactKey: Guid(b7147194eedfdc8428314ab3d66b1336) Importer(815301076,1909f56bfc062723c751e8b465ee728b)
Start importing Assets/Items/Rune Sword.asset using Guid(b7147194eedfdc8428314ab3d66b1336) Importer(815301076,1909f56bfc062723c751e8b465ee728b)  -> (artifact id: '9954c7de3c695f5f7fd71036c38508dc') in 0.009801 seconds
Number of updated asset objects reloaded before import = 0
Number of asset objects unloaded after import = 1
========================================================================
Received Import Request.
  Time since last request: 29.220055 seconds.
  path: Assets/Rune Weapons Pack/Rune Weapons Tier 1/Rune_Sword
  artifactKey: Guid(b58b50944ec9bf8498ffd185710d6052) Importer(815301076,1909f56bfc062723c751e8b465ee728b)
Start importing Assets/Rune Weapons Pack/Rune Weapons Tier 1/Rune_Sword using Guid(b58b50944ec9bf8498ffd185710d6052) Importer(815301076,1909f56bfc062723c751e8b465ee728b)  -> (artifact id: '03c4b5a7c6a5b77b87e16674e7ea3cbc') in 0.000617 seconds
Number of updated asset objects reloaded before import = 0
Number of asset objects unloaded after import = 0
========================================================================
Received Import Request.
  Time since last request: 1.227853 seconds.
  path: Assets/Rune Weapons Pack/Rune Weapons Tier 1/Rune_Sword/Materials
  artifactKey: Guid(c35f47fb7d5d51b4282587907b274732) Importer(815301076,1909f56bfc062723c751e8b465ee728b)
Start importing Assets/Rune Weapons Pack/Rune Weapons Tier 1/Rune_Sword/Materials using Guid(c35f47fb7d5d51b4282587907b274732) Importer(815301076,1909f56bfc062723c751e8b465ee728b)  -> (artifact id: 'f231c90a1c4d53bc8caa8e230f90a259') in 0.000519 seconds
Number of updated asset objects reloaded before import = 0
Number of asset objects unloaded after import = 0
========================================================================
Received Import Request.
  Time since last request: 0.056799 seconds.
  path: Assets/Rune Weapons Pack/Rune Weapons Tier 1/Rune_Sword/Materials/Rune_Sword.mat
  artifactKey: Guid(2ed7cd8f07457694ba719108f2e08070) Importer(815301076,1909f56bfc062723c751e8b465ee728b)
Start importing Assets/Rune Weapons Pack/Rune Weapons Tier 1/Rune_Sword/Materials/Rune_Sword.mat using Guid(2ed7cd8f07457694ba719108f2e08070) Importer(815301076,1909f56bfc062723c751e8b465ee728b)  -> (artifact id: 'cd7d27a8af91b1e94fc138b8117ed988') in 0.075138 seconds
Number of updated asset objects reloaded before import = 0
Number of asset objects unloaded after import = 6
========================================================================
Received Import Request.
  Time since last request: 6.498923 seconds.
  path: Assets/Rune Weapons Pack/Rune Weapons Tier 1/Rune_Sword/Textures
  artifactKey: Guid(dafaa16ba5c33e745b212522804f9458) Importer(815301076,1909f56bfc062723c751e8b465ee728b)
Start importing Assets/Rune Weapons Pack/Rune Weapons Tier 1/Rune_Sword/Textures using Guid(dafaa16ba5c33e745b212522804f9458) Importer(815301076,1909f56bfc062723c751e8b465ee728b)  -> (artifact id: '477364c9ce9f594ad7f64c8dc55d7011') in 0.000611 seconds
Number of updated asset objects reloaded before import = 0
Number of asset objects unloaded after import = 0
========================================================================
Received Import Request.
  Time since last request: 0.069784 seconds.
  path: Assets/Rune Weapons Pack/Rune Weapons Tier 1/Rune_Sword/Textures/Rune_Sword_Albedo.png
  artifactKey: Guid(d79b33bde2482094bbbd8fb12e2a7efe) Importer(815301076,1909f56bfc062723c751e8b465ee728b)
Start importing Assets/Rune Weapons Pack/Rune Weapons Tier 1/Rune_Sword/Textures/Rune_Sword_Albedo.png using Guid(d79b33bde2482094bbbd8fb12e2a7efe) Importer(815301076,1909f56bfc062723c751e8b465ee728b)  -> (artifact id: 'd027a89caec6acd00c8a897f68bc04a2') in 0.028743 seconds
Number of updated asset objects reloaded before import = 0
Number of asset objects unloaded after import = 2
========================================================================
Received Import Request.
  Time since last request: 0.000013 seconds.
  path: Assets/Rune Weapons Pack/Rune Weapons Tier 1/Rune_Sword/Textures/Rune_Sword_Occlusion.png
  artifactKey: Guid(e74ffc594e1f13840a8488baaa74e22a) Importer(815301076,1909f56bfc062723c751e8b465ee728b)
Start importing Assets/Rune Weapons Pack/Rune Weapons Tier 1/Rune_Sword/Textures/Rune_Sword_Occlusion.png using Guid(e74ffc594e1f13840a8488baaa74e22a) Importer(815301076,1909f56bfc062723c751e8b465ee728b)  -> (artifact id: '2ed082aa5b2aa1c11e5f1b857ca96e2e') in 0.020394 seconds
Number of updated asset objects reloaded before import = 0
Number of asset objects unloaded after import = 2
========================================================================
Received Import Request.
  Time since last request: 0.000016 seconds.
  path: Assets/Rune Weapons Pack/Rune Weapons Tier 1/Rune_Sword/Textures/Rune_Sword_Metallic.png
  artifactKey: Guid(b94f135c5e484a74fa6b5019aeac669f) Importer(815301076,1909f56bfc062723c751e8b465ee728b)
Start importing Assets/Rune Weapons Pack/Rune Weapons Tier 1/Rune_Sword/Textures/Rune_Sword_Metallic.png using Guid(b94f135c5e484a74fa6b5019aeac669f) Importer(815301076,1909f56bfc062723c751e8b465ee728b)  -> (artifact id: 'f4c0d5487233f90038d6a9fe7839061c') in 0.023546 seconds
Number of updated asset objects reloaded before import = 0
Number of asset objects unloaded after import = 2
========================================================================
Received Import Request.
  Time since last request: 0.000019 seconds.
  path: Assets/Rune Weapons Pack/Rune Weapons Tier 1/Rune_Sword/Textures/Rune_Sword_Normal.png
  artifactKey: Guid(6feec84286596914f9131e9d17a69a34) Importer(815301076,1909f56bfc062723c751e8b465ee728b)
Start importing Assets/Rune Weapons Pack/Rune Weapons Tier 1/Rune_Sword/Textures/Rune_Sword_Normal.png using Guid(6feec84286596914f9131e9d17a69a34) Importer(815301076,1909f56bfc062723c751e8b465ee728b)  -> (artifact id: '128921d3cd87a520b352a3c83575940c') in 0.027808 seconds
Number of updated asset objects reloaded before import = 0
Number of asset objects unloaded after import = 2
========================================================================
Received Import Request.
  Time since last request: 136.892151 seconds.
  path: Assets/Sprites/RuneSword.jpg
  artifactKey: Guid(ba0d83eea70fd4941b4843fed2f2359c) Importer(815301076,1909f56bfc062723c751e8b465ee728b)
Start importing Assets/Sprites/RuneSword.jpg using Guid(ba0d83eea70fd4941b4843fed2f2359c) Importer(815301076,1909f56bfc062723c751e8b465ee728b)  -> (artifact id: 'cd347e11753db16ec1f43bd985a078b3') in 0.015483 seconds
Number of updated asset objects reloaded before import = 0
Number of asset objects unloaded after import = 2
========================================================================
Received Import Request.
  Time since last request: 23.441617 seconds.
  path: Assets/Sprites/RuneSword-removebg-preview.png
  artifactKey: Guid(318bc6f7e5f1ad243a390a56a3256b46) Importer(815301076,1909f56bfc062723c751e8b465ee728b)
Start importing Assets/Sprites/RuneSword-removebg-preview.png using Guid(318bc6f7e5f1ad243a390a56a3256b46) Importer(815301076,1909f56bfc062723c751e8b465ee728b)  -> (artifact id: '14c094751018786eb0438a02ffa507b4') in 0.015825 seconds
Number of updated asset objects reloaded before import = 0
Number of asset objects unloaded after import = 2
========================================================================
Received Import Request.
  Time since last request: 8.126843 seconds.
  path: Assets/Sprites/RuneSword-removebg-preview.png
  artifactKey: Guid(318bc6f7e5f1ad243a390a56a3256b46) Importer(815301076,1909f56bfc062723c751e8b465ee728b)
Start importing Assets/Sprites/RuneSword-removebg-preview.png using Guid(318bc6f7e5f1ad243a390a56a3256b46) Importer(815301076,1909f56bfc062723c751e8b465ee728b)  -> (artifact id: '6669c3a9f928bf69c7b9abc0d96c865b') in 0.026709 seconds
Number of updated asset objects reloaded before import = 0
Number of asset objects unloaded after import = 3
========================================================================
Received Import Request.
  Time since last request: 140.710064 seconds.
  path: Assets/Modern Weapons/870 Shotgun/Materials/870_Shotgun.mat
  artifactKey: Guid(5b361911c522ece47a5264a8f28cb5b5) Importer(815301076,1909f56bfc062723c751e8b465ee728b)
Start importing Assets/Modern Weapons/870 Shotgun/Materials/870_Shotgun.mat using Guid(5b361911c522ece47a5264a8f28cb5b5) Importer(815301076,1909f56bfc062723c751e8b465ee728b)  -> (artifact id: 'a69728281af4b25007f16604c486f128') in 0.334883 seconds
Number of updated asset objects reloaded before import = 0
Number of asset objects unloaded after import = 4
========================================================================
Received Import Request.
  Time since last request: 0.000025 seconds.
  path: Assets/_GamesPlusJames Menu Assets/Font/BebasNeue-Regular SDF.asset
  artifactKey: Guid(98d773a76f0f35b43bf7d23b933e08ed) Importer(815301076,1909f56bfc062723c751e8b465ee728b)
Start importing Assets/_GamesPlusJames Menu Assets/Font/BebasNeue-Regular SDF.asset using Guid(98d773a76f0f35b43bf7d23b933e08ed) Importer(815301076,1909f56bfc062723c751e8b465ee728b)  -> (artifact id: '06b467327569b0e61a23c7cbaf6dfd65') in 0.044714 seconds
Number of updated asset objects reloaded before import = 0
Number of asset objects unloaded after import = 6
========================================================================
Received Import Request.
  Time since last request: 94.554942 seconds.
  path: Assets/Rune Weapons Pack/Rune Weapons Tier 1/Rune_Hammer/Materials/Rune_Hammer.mat
  artifactKey: Guid(528fe954271057d4d97b7777f400c037) Importer(815301076,1909f56bfc062723c751e8b465ee728b)
Start importing Assets/Rune Weapons Pack/Rune Weapons Tier 1/Rune_Hammer/Materials/Rune_Hammer.mat using Guid(528fe954271057d4d97b7777f400c037) Importer(815301076,1909f56bfc062723c751e8b465ee728b)  -> (artifact id: '3d370e8c6639c94abaff8cef30931e35') in 0.022330 seconds
Number of updated asset objects reloaded before import = 0
Number of asset objects unloaded after import = 6
========================================================================
Received Import Request.
  Time since last request: 24.929273 seconds.
  path: Assets/Items/Rune Hammer.asset
  artifactKey: Guid(e8b7fb9fcf96a5a48816ab38866f02bf) Importer(815301076,1909f56bfc062723c751e8b465ee728b)
Start importing Assets/Items/Rune Hammer.asset using Guid(e8b7fb9fcf96a5a48816ab38866f02bf) Importer(815301076,1909f56bfc062723c751e8b465ee728b)  -> (artifact id: '982a7a644a9d5fbd75d2366ccc0e0192') in 0.001207 seconds
Number of updated asset objects reloaded before import = 0
Number of asset objects unloaded after import = 1
========================================================================
Received Import Request.
  Time since last request: 130.133152 seconds.
  path: Assets/Sprites/RuneHammer-removebg-preview.png
  artifactKey: Guid(899398ce4c6cbb04bb15eaa8fd7b764f) Importer(815301076,1909f56bfc062723c751e8b465ee728b)
Start importing Assets/Sprites/RuneHammer-removebg-preview.png using Guid(899398ce4c6cbb04bb15eaa8fd7b764f) Importer(815301076,1909f56bfc062723c751e8b465ee728b)  -> (artifact id: '38e1e379d40f475be65a660880161430') in 0.017511 seconds
Number of updated asset objects reloaded before import = 0
Number of asset objects unloaded after import = 2
========================================================================
Received Import Request.
  Time since last request: 13.141652 seconds.
  path: Assets/Sprites/RuneHammer-removebg-preview.png
  artifactKey: Guid(899398ce4c6cbb04bb15eaa8fd7b764f) Importer(815301076,1909f56bfc062723c751e8b465ee728b)
Start importing Assets/Sprites/RuneHammer-removebg-preview.png using Guid(899398ce4c6cbb04bb15eaa8fd7b764f) Importer(815301076,1909f56bfc062723c751e8b465ee728b)  -> (artifact id: '228d9b88d5d73c3d7a0fb4080c6eef58') in 0.018436 seconds
Number of updated asset objects reloaded before import = 0
Number of asset objects unloaded after import = 3
========================================================================
Received Import Request.
  Time since last request: 236.957120 seconds.
  path: Assets/Scenes/FirstLevel
  artifactKey: Guid(1be5ed0cd0bef354b9c64249505f5600) Importer(815301076,1909f56bfc062723c751e8b465ee728b)
Start importing Assets/Scenes/FirstLevel using Guid(1be5ed0cd0bef354b9c64249505f5600) Importer(815301076,1909f56bfc062723c751e8b465ee728b)  -> (artifact id: 'c7fbf0b2f79e3963c341d1b1e6ca0afb') in 0.001148 seconds
Number of updated asset objects reloaded before import = 0
Number of asset objects unloaded after import = 0
========================================================================
Received Import Request.
  Time since last request: 0.056284 seconds.
  path: Assets/Scenes/FirstLevel/NavMesh-NavMesh Surface.asset
  artifactKey: Guid(f670800e8101bb44d9dac748745157df) Importer(815301076,1909f56bfc062723c751e8b465ee728b)
Start importing Assets/Scenes/FirstLevel/NavMesh-NavMesh Surface.asset using Guid(f670800e8101bb44d9dac748745157df) Importer(815301076,1909f56bfc062723c751e8b465ee728b)  -> (artifact id: '5e25378d15194a65c5613eb3979113a5') in 0.001413 seconds
Number of updated asset objects reloaded before import = 0
Number of asset objects unloaded after import = 1
========================================================================
Received Import Request.
  Time since last request: 187.690213 seconds.
  path: Assets/Scenes/FirstLevel.unity
  artifactKey: Guid(9fc0d4010bbf28b4594072e72b8655ab) Importer(815301076,1909f56bfc062723c751e8b465ee728b)
Start importing Assets/Scenes/FirstLevel.unity using Guid(9fc0d4010bbf28b4594072e72b8655ab) Importer(815301076,1909f56bfc062723c751e8b465ee728b)  -> (artifact id: '23664b796f4e76dcce0925a491323e7e') in 0.000622 seconds
Number of updated asset objects reloaded before import = 0
Number of asset objects unloaded after import = 0
========================================================================
Received Import Request.
  Time since last request: 2.353100 seconds.
  path: Assets/Scenes/MainMenuScene.unity
  artifactKey: Guid(e01503793177d9348a0b04665c757c14) Importer(815301076,1909f56bfc062723c751e8b465ee728b)
Start importing Assets/Scenes/MainMenuScene.unity using Guid(e01503793177d9348a0b04665c757c14) Importer(815301076,1909f56bfc062723c751e8b465ee728b)  -> (artifact id: '20064766017e9948f1e2388c0634ac67') in 0.000505 seconds
Number of updated asset objects reloaded before import = 0
Number of asset objects unloaded after import = 0
========================================================================
Received Import Request.
  Time since last request: 124.128303 seconds.
  path: Assets/MyAudio Tracks/GunSounds/GunShotAudio/Pistol1Sounds/Pistol1Slideback.mp3
  artifactKey: Guid(90375daa4cc9fa44797a7a0f7a47bd6f) Importer(815301076,1909f56bfc062723c751e8b465ee728b)
Start importing Assets/MyAudio Tracks/GunSounds/GunShotAudio/Pistol1Sounds/Pistol1Slideback.mp3 using Guid(90375daa4cc9fa44797a7a0f7a47bd6f) Importer(815301076,1909f56bfc062723c751e8b465ee728b)  -> (artifact id: 'ff615a40620db5bf0435e399b11fc67f') in 0.037282 seconds
Number of updated asset objects reloaded before import = 0
Number of asset objects unloaded after import = 2
========================================================================
Received Import Request.
  Time since last request: 0.000016 seconds.
  path: Assets/StarterAssets/ThirdPersonController/Character/Sfx/Player_Footstep_02.wav
  artifactKey: Guid(85016e0f2b01da248b9663dd49a161b0) Importer(815301076,1909f56bfc062723c751e8b465ee728b)
Start importing Assets/StarterAssets/ThirdPersonController/Character/Sfx/Player_Footstep_02.wav using Guid(85016e0f2b01da248b9663dd49a161b0) Importer(815301076,1909f56bfc062723c751e8b465ee728b)  -> (artifact id: '388499d77e80e9eddc928149a028e142') in 0.010130 seconds
Number of updated asset objects reloaded before import = 0
Number of asset objects unloaded after import = 2
========================================================================
Received Import Request.
  Time since last request: 0.000013 seconds.
  path: Assets/StarterAssets/ThirdPersonController/Character/Sfx/Player_Footstep_03.wav
  artifactKey: Guid(186de84b3207156479abe98f4958fed0) Importer(815301076,1909f56bfc062723c751e8b465ee728b)
Start importing Assets/StarterAssets/ThirdPersonController/Character/Sfx/Player_Footstep_03.wav using Guid(186de84b3207156479abe98f4958fed0) Importer(815301076,1909f56bfc062723c751e8b465ee728b)  -> (artifact id: 'e79001a09206fb2a2f716d3d3553117b') in 0.009683 seconds
Number of updated asset objects reloaded before import = 0
Number of asset objects unloaded after import = 2
========================================================================
Received Import Request.
  Time since last request: 0.000279 seconds.
  path: Assets/StarterAssets/ThirdPersonController/Character/Sfx/Player_Footstep_04.wav
  artifactKey: Guid(1a91fcd19acf1e54bba0945d9f390849) Importer(815301076,1909f56bfc062723c751e8b465ee728b)
Start importing Assets/StarterAssets/ThirdPersonController/Character/Sfx/Player_Footstep_04.wav using Guid(1a91fcd19acf1e54bba0945d9f390849) Importer(815301076,1909f56bfc062723c751e8b465ee728b)  -> (artifact id: '663d95a731e409d9358fdb3605924b8a') in 0.009515 seconds
Number of updated asset objects reloaded before import = 0
Number of asset objects unloaded after import = 2
========================================================================
Received Import Request.
  Time since last request: 0.001924 seconds.
  path: Assets/StarterAssets/ThirdPersonController/Character/Sfx/Player_Footstep_05.wav
  artifactKey: Guid(14e8a8d2158bec840b56c54f5266e692) Importer(815301076,1909f56bfc062723c751e8b465ee728b)
Start importing Assets/StarterAssets/ThirdPersonController/Character/Sfx/Player_Footstep_05.wav using Guid(14e8a8d2158bec840b56c54f5266e692) Importer(815301076,1909f56bfc062723c751e8b465ee728b)  -> (artifact id: '146fe531ce9e6dd884c7989395aa2cb4') in 0.010252 seconds
Number of updated asset objects reloaded before import = 0
Number of asset objects unloaded after import = 2
========================================================================
Received Import Request.
  Time since last request: 171.835675 seconds.
  path: Assets/Scenes/MainMenuScene.unity
  artifactKey: Guid(e01503793177d9348a0b04665c757c14) Importer(815301076,1909f56bfc062723c751e8b465ee728b)
Start importing Assets/Scenes/MainMenuScene.unity using Guid(e01503793177d9348a0b04665c757c14) Importer(815301076,1909f56bfc062723c751e8b465ee728b)  -> (artifact id: '8fb18d4ea41d12ac821635a5d4d43dbf') in 0.000701 seconds
Number of updated asset objects reloaded before import = 0
Number of asset objects unloaded after import = 0
========================================================================
Received Import Request.
  Time since last request: 32.737489 seconds.
  path: Assets/Scenes/FirstLevel.unity
  artifactKey: Guid(9fc0d4010bbf28b4594072e72b8655ab) Importer(815301076,1909f56bfc062723c751e8b465ee728b)
Start importing Assets/Scenes/FirstLevel.unity using Guid(9fc0d4010bbf28b4594072e72b8655ab) Importer(815301076,1909f56bfc062723c751e8b465ee728b)  -> (artifact id: '0f9deebbf911a8bfb8d287b848e35b17') in 0.000377 seconds
Number of updated asset objects reloaded before import = 0
Number of asset objects unloaded after import = 0
========================================================================
Received Import Request.
  Time since last request: 68.390578 seconds.
  path: Assets/NickPrefab.prefab
  artifactKey: Guid(2a3eb79fbef9745408136c0c95a4f87c) Importer(815301076,1909f56bfc062723c751e8b465ee728b)
Start importing Assets/NickPrefab.prefab using Guid(2a3eb79fbef9745408136c0c95a4f87c) Importer(815301076,1909f56bfc062723c751e8b465ee728b)  -> (artifact id: '672dbb2f50425937c091e2ec3f6b58fe') in 0.370938 seconds
Number of updated asset objects reloaded before import = 0
Number of asset objects unloaded after import = 866
========================================================================
Received Import Request.
  Time since last request: 0.000017 seconds.
  path: Assets/Items/Test Item.prefab
  artifactKey: Guid(12d66ad3cb5e9114a9f01b2dc62df501) Importer(815301076,1909f56bfc062723c751e8b465ee728b)
Start importing Assets/Items/Test Item.prefab using Guid(12d66ad3cb5e9114a9f01b2dc62df501) Importer(815301076,1909f56bfc062723c751e8b465ee728b)  -> (artifact id: '0f75531981af1d3afe86e72df624997e') in 0.023863 seconds
Number of updated asset objects reloaded before import = 0
Number of asset objects unloaded after import = 18
========================================================================
Received Import Request.
  Time since last request: 52.944037 seconds.
  path: Assets/Scenes/FirstLevel.unity
  artifactKey: Guid(9fc0d4010bbf28b4594072e72b8655ab) Importer(815301076,1909f56bfc062723c751e8b465ee728b)
Start importing Assets/Scenes/FirstLevel.unity using Guid(9fc0d4010bbf28b4594072e72b8655ab) Importer(815301076,1909f56bfc062723c751e8b465ee728b)  -> (artifact id: '74f665ce85977fcf03f200c5dbf9f815') in 0.000761 seconds
Number of updated asset objects reloaded before import = 0
Number of asset objects unloaded after import = 0
========================================================================
Received Import Request.
  Time since last request: 3.620958 seconds.
  path: Assets/Scenes/MainMenuScene.unity
  artifactKey: Guid(e01503793177d9348a0b04665c757c14) Importer(815301076,1909f56bfc062723c751e8b465ee728b)
Start importing Assets/Scenes/MainMenuScene.unity using Guid(e01503793177d9348a0b04665c757c14) Importer(815301076,1909f56bfc062723c751e8b465ee728b)  -> (artifact id: '48f8627ddb2e9f6c4e491cf5ff741bcf') in 0.000540 seconds
Number of updated asset objects reloaded before import = 0
Number of asset objects unloaded after import = 0
========================================================================
Received Import Request.
  Time since last request: 217.570366 seconds.
  path: Assets/Scenes/FirstLevel.unity
  artifactKey: Guid(9fc0d4010bbf28b4594072e72b8655ab) Importer(815301076,1909f56bfc062723c751e8b465ee728b)
Start importing Assets/Scenes/FirstLevel.unity using Guid(9fc0d4010bbf28b4594072e72b8655ab) Importer(815301076,1909f56bfc062723c751e8b465ee728b)  -> (artifact id: 'ee42dc2cd21dc6d79e5ddd7bbb59703a') in 0.000972 seconds
Number of updated asset objects reloaded before import = 0
Number of asset objects unloaded after import = 0
========================================================================
Received Import Request.
  Time since last request: 48.568625 seconds.
  path: Assets/ScriptsNick/Player Scripts/PlayerControllerNick.cs
  artifactKey: Guid(33fcad7067ec5ac47a911f3f2cc73409) Importer(815301076,1909f56bfc062723c751e8b465ee728b)
Start importing Assets/ScriptsNick/Player Scripts/PlayerControllerNick.cs using Guid(33fcad7067ec5ac47a911f3f2cc73409) Importer(815301076,1909f56bfc062723c751e8b465ee728b)  -> (artifact id: '4cd8fea850ba31be058b59dc34114005') in 0.000537 seconds
Number of updated asset objects reloaded before import = 0
Number of asset objects unloaded after import = 0
